<?xml version="1.0" encoding="UTF-8"?>
<testsuite name="Pomodoro.project.ProjectApplicationTests" tests="1" skipped="0" failures="0" errors="0" timestamp="2023-03-16T10:57:44" hostname="HEY-2.local" time="0.055">
  <properties/>
  <testcase name="contextLoads()" classname="Pomodoro.project.ProjectApplicationTests" time="0.055"/>
  <system-out><![CDATA[19:57:42.510 [Test worker] DEBUG org.springframework.test.context.BootstrapUtils - Instantiating CacheAwareContextLoaderDelegate from class [org.springframework.test.context.cache.DefaultCacheAwareContextLoaderDelegate]
19:57:42.514 [Test worker] DEBUG org.springframework.test.context.BootstrapUtils - Instantiating BootstrapContext using constructor [public org.springframework.test.context.support.DefaultBootstrapContext(java.lang.Class,org.springframework.test.context.CacheAwareContextLoaderDelegate)]
19:57:42.524 [Test worker] DEBUG org.springframework.test.context.BootstrapUtils - Instantiating TestContextBootstrapper for test class [Pomodoro.project.ProjectApplicationTests] from class [org.springframework.boot.test.context.SpringBootTestContextBootstrapper]
19:57:42.528 [Test worker] INFO org.springframework.boot.test.context.SpringBootTestContextBootstrapper - Neither @ContextConfiguration nor @ContextHierarchy found for test class [Pomodoro.project.ProjectApplicationTests], using SpringBootContextLoader
19:57:42.529 [Test worker] DEBUG org.springframework.test.context.support.AbstractContextLoader - Did not detect default resource location for test class [Pomodoro.project.ProjectApplicationTests]: class path resource [Pomodoro/project/ProjectApplicationTests-context.xml] does not exist
19:57:42.529 [Test worker] DEBUG org.springframework.test.context.support.AbstractContextLoader - Did not detect default resource location for test class [Pomodoro.project.ProjectApplicationTests]: class path resource [Pomodoro/project/ProjectApplicationTestsContext.groovy] does not exist
19:57:42.529 [Test worker] INFO org.springframework.test.context.support.AbstractContextLoader - Could not detect default resource locations for test class [Pomodoro.project.ProjectApplicationTests]: no resource found for suffixes {-context.xml, Context.groovy}.
19:57:42.529 [Test worker] INFO org.springframework.test.context.support.AnnotationConfigContextLoaderUtils - Could not detect default configuration classes for test class [Pomodoro.project.ProjectApplicationTests]: ProjectApplicationTests does not declare any static, non-private, non-final, nested classes annotated with @Configuration.
19:57:42.542 [Test worker] DEBUG org.springframework.test.context.support.ActiveProfilesUtils - Could not find an 'annotation declaring class' for annotation type [org.springframework.test.context.ActiveProfiles] and class [Pomodoro.project.ProjectApplicationTests]
19:57:42.562 [Test worker] DEBUG org.springframework.context.annotation.ClassPathScanningCandidateComponentProvider - Identified candidate component class: file [/Users/seonghuiyeon/IdeaProjects/Pomodoro/build/classes/java/main/Pomodoro/project/ProjectApplication.class]
19:57:42.562 [Test worker] INFO org.springframework.boot.test.context.SpringBootTestContextBootstrapper - Found @SpringBootConfiguration Pomodoro.project.ProjectApplication for test class Pomodoro.project.ProjectApplicationTests
19:57:42.588 [Test worker] DEBUG org.springframework.boot.test.context.SpringBootTestContextBootstrapper - @TestExecutionListeners is not present for class [Pomodoro.project.ProjectApplicationTests]: using defaults.
19:57:42.588 [Test worker] INFO org.springframework.boot.test.context.SpringBootTestContextBootstrapper - Loaded default TestExecutionListener class names from location [META-INF/spring.factories]: [org.springframework.boot.test.autoconfigure.restdocs.RestDocsTestExecutionListener, org.springframework.boot.test.autoconfigure.web.client.MockRestServiceServerResetTestExecutionListener, org.springframework.boot.test.autoconfigure.web.servlet.MockMvcPrintOnlyOnFailureTestExecutionListener, org.springframework.boot.test.autoconfigure.web.servlet.WebDriverTestExecutionListener, org.springframework.boot.test.autoconfigure.webservices.client.MockWebServiceServerTestExecutionListener, org.springframework.boot.test.mock.mockito.MockitoTestExecutionListener, org.springframework.boot.test.mock.mockito.ResetMocksTestExecutionListener, org.springframework.test.context.web.ServletTestExecutionListener, org.springframework.test.context.support.DirtiesContextBeforeModesTestExecutionListener, org.springframework.test.context.event.ApplicationEventsTestExecutionListener, org.springframework.test.context.support.DependencyInjectionTestExecutionListener, org.springframework.test.context.support.DirtiesContextTestExecutionListener, org.springframework.test.context.transaction.TransactionalTestExecutionListener, org.springframework.test.context.jdbc.SqlScriptsTestExecutionListener, org.springframework.test.context.event.EventPublishingTestExecutionListener]
19:57:42.593 [Test worker] INFO org.springframework.boot.test.context.SpringBootTestContextBootstrapper - Using TestExecutionListeners: [org.springframework.test.context.web.ServletTestExecutionListener@726e5805, org.springframework.test.context.support.DirtiesContextBeforeModesTestExecutionListener@40c80397, org.springframework.test.context.event.ApplicationEventsTestExecutionListener@4b672daa, org.springframework.boot.test.mock.mockito.MockitoTestExecutionListener@ea9b7c6, org.springframework.boot.test.autoconfigure.SpringBootDependencyInjectionTestExecutionListener@e077866, org.springframework.test.context.support.DirtiesContextTestExecutionListener@ed3068a, org.springframework.test.context.transaction.TransactionalTestExecutionListener@7c2b6087, org.springframework.test.context.jdbc.SqlScriptsTestExecutionListener@3fffff43, org.springframework.test.context.event.EventPublishingTestExecutionListener@a8e6492, org.springframework.boot.test.autoconfigure.restdocs.RestDocsTestExecutionListener@1c7fd41f, org.springframework.boot.test.autoconfigure.web.client.MockRestServiceServerResetTestExecutionListener@3b77a04f, org.springframework.boot.test.autoconfigure.web.servlet.MockMvcPrintOnlyOnFailureTestExecutionListener@7b324585, org.springframework.boot.test.autoconfigure.web.servlet.WebDriverTestExecutionListener@2e11485, org.springframework.boot.test.autoconfigure.webservices.client.MockWebServiceServerTestExecutionListener@60dce7ea, org.springframework.boot.test.mock.mockito.ResetMocksTestExecutionListener@662f5666]
19:57:42.594 [Test worker] DEBUG org.springframework.test.context.support.AbstractDirtiesContextTestExecutionListener - Before test class: context [DefaultTestContext@dcfda20 testClass = ProjectApplicationTests, testInstance = [null], testMethod = [null], testException = [null], mergedContextConfiguration = [WebMergedContextConfiguration@6d304f9d testClass = ProjectApplicationTests, locations = '{}', classes = '{class Pomodoro.project.ProjectApplication}', contextInitializerClasses = '[]', activeProfiles = '{}', propertySourceLocations = '{}', propertySourceProperties = '{org.springframework.boot.test.context.SpringBootTestContextBootstrapper=true}', contextCustomizers = set[org.springframework.boot.test.autoconfigure.actuate.metrics.MetricsExportContextCustomizerFactory$DisableMetricExportContextCustomizer@119cbf96, org.springframework.boot.test.autoconfigure.properties.PropertyMappingContextCustomizer@0, org.springframework.boot.test.autoconfigure.web.servlet.WebDriverContextCustomizerFactory$Customizer@95e33cc, org.springframework.boot.test.context.filter.ExcludeFilterContextCustomizer@31add175, org.springframework.boot.test.json.DuplicateJsonObjectContextCustomizerFactory$DuplicateJsonObjectContextCustomizer@7922d892, org.springframework.boot.test.mock.mockito.MockitoContextCustomizer@0, org.springframework.boot.test.web.client.TestRestTemplateContextCustomizer@5b367418, org.springframework.boot.test.context.SpringBootTestArgs@1, org.springframework.boot.test.context.SpringBootTestWebEnvironment@7d8704ef], resourceBasePath = 'src/main/webapp', contextLoader = 'org.springframework.boot.test.context.SpringBootContextLoader', parent = [null]], attributes = map['org.springframework.test.context.web.ServletTestExecutionListener.activateListener' -> true]], class annotated with @DirtiesContext [false] with mode [null].

  .   ____          _            __ _ _
 /\\ / ___'_ __ _ _(_)_ __  __ _ \ \ \ \
( ( )\___ | '_ | '_| | '_ \/ _` | \ \ \ \
 \\/  ___)| |_)| | | | | || (_| |  ) ) ) )
  '  |____| .__|_| |_|_| |_\__, | / / / /
 =========|_|==============|___/=/_/_/_/
 :: Spring Boot ::                (v2.7.5)

2023-03-16 19:57:42.705  INFO 7759 --- [    Test worker] P.project.ProjectApplicationTests        : Starting ProjectApplicationTests using Java 19 on HEY-2.local with PID 7759 (started by seonghuiyeon in /Users/seonghuiyeon/IdeaProjects/Pomodoro)
2023-03-16 19:57:42.706  INFO 7759 --- [    Test worker] P.project.ProjectApplicationTests        : No active profile set, falling back to 1 default profile: "default"
2023-03-16 19:57:42.935  INFO 7759 --- [    Test worker] .s.d.r.c.RepositoryConfigurationDelegate : Bootstrapping Spring Data JPA repositories in DEFAULT mode.
2023-03-16 19:57:42.949  INFO 7759 --- [    Test worker] .s.d.r.c.RepositoryConfigurationDelegate : Finished Spring Data repository scanning in 11 ms. Found 1 JPA repository interfaces.
2023-03-16 19:57:43.144  INFO 7759 --- [    Test worker] o.hibernate.jpa.internal.util.LogHelper  : HHH000204: Processing PersistenceUnitInfo [name: default]
2023-03-16 19:57:43.160  INFO 7759 --- [    Test worker] org.hibernate.Version                    : HHH000412: Hibernate ORM core version 5.6.12.Final
2023-03-16 19:57:43.212  INFO 7759 --- [    Test worker] o.hibernate.annotations.common.Version   : HCANN000001: Hibernate Commons Annotations {5.1.2.Final}
2023-03-16 19:57:43.251  INFO 7759 --- [    Test worker] com.zaxxer.hikari.HikariDataSource       : HikariPool-1 - Starting...
2023-03-16 19:57:43.382  INFO 7759 --- [    Test worker] com.zaxxer.hikari.HikariDataSource       : HikariPool-1 - Start completed.
2023-03-16 19:57:43.392  INFO 7759 --- [    Test worker] org.hibernate.dialect.Dialect            : HHH000400: Using dialect: org.hibernate.dialect.MySQL8Dialect
2023-03-16 19:57:43.721  INFO 7759 --- [    Test worker] o.h.e.t.j.p.i.JtaPlatformInitiator       : HHH000490: Using JtaPlatform implementation: [org.hibernate.engine.transaction.jta.platform.internal.NoJtaPlatform]
2023-03-16 19:57:43.727  INFO 7759 --- [    Test worker] j.LocalContainerEntityManagerFactoryBean : Initialized JPA EntityManagerFactory for persistence unit 'default'
2023-03-16 19:57:43.896  WARN 7759 --- [    Test worker] JpaBaseConfiguration$JpaWebConfiguration : spring.jpa.open-in-view is enabled by default. Therefore, database queries may be performed during view rendering. Explicitly configure spring.jpa.open-in-view to disable this warning
2023-03-16 19:57:43.971  INFO 7759 --- [    Test worker] o.s.b.a.w.s.WelcomePageHandlerMapping    : Adding welcome page: class path resource [static/index.html]
2023-03-16 19:57:44.071  INFO 7759 --- [    Test worker] P.project.ProjectApplicationTests        : Started ProjectApplicationTests in 1.465 seconds (JVM running for 1.834)
]]></system-out>
  <system-err><![CDATA[]]></system-err>
</testsuite>
