<?xml version="1.0" encoding="UTF-8"?>
<testsuite name="Pomodoro.project.ProjectApplicationTests" tests="1" skipped="0" failures="0" errors="0" timestamp="2023-03-15T09:12:59" hostname="HEY-2.local" time="0.138">
  <properties/>
  <testcase name="contextLoads()" classname="Pomodoro.project.ProjectApplicationTests" time="0.138"/>
  <system-out><![CDATA[18:12:57.194 [Test worker] DEBUG org.springframework.test.context.BootstrapUtils - Instantiating CacheAwareContextLoaderDelegate from class [org.springframework.test.context.cache.DefaultCacheAwareContextLoaderDelegate]
18:12:57.200 [Test worker] DEBUG org.springframework.test.context.BootstrapUtils - Instantiating BootstrapContext using constructor [public org.springframework.test.context.support.DefaultBootstrapContext(java.lang.Class,org.springframework.test.context.CacheAwareContextLoaderDelegate)]
18:12:57.217 [Test worker] DEBUG org.springframework.test.context.BootstrapUtils - Instantiating TestContextBootstrapper for test class [Pomodoro.project.ProjectApplicationTests] from class [org.springframework.boot.test.context.SpringBootTestContextBootstrapper]
18:12:57.222 [Test worker] INFO org.springframework.boot.test.context.SpringBootTestContextBootstrapper - Neither @ContextConfiguration nor @ContextHierarchy found for test class [Pomodoro.project.ProjectApplicationTests], using SpringBootContextLoader
18:12:57.224 [Test worker] DEBUG org.springframework.test.context.support.AbstractContextLoader - Did not detect default resource location for test class [Pomodoro.project.ProjectApplicationTests]: class path resource [Pomodoro/project/ProjectApplicationTests-context.xml] does not exist
18:12:57.225 [Test worker] DEBUG org.springframework.test.context.support.AbstractContextLoader - Did not detect default resource location for test class [Pomodoro.project.ProjectApplicationTests]: class path resource [Pomodoro/project/ProjectApplicationTestsContext.groovy] does not exist
18:12:57.225 [Test worker] INFO org.springframework.test.context.support.AbstractContextLoader - Could not detect default resource locations for test class [Pomodoro.project.ProjectApplicationTests]: no resource found for suffixes {-context.xml, Context.groovy}.
18:12:57.225 [Test worker] INFO org.springframework.test.context.support.AnnotationConfigContextLoaderUtils - Could not detect default configuration classes for test class [Pomodoro.project.ProjectApplicationTests]: ProjectApplicationTests does not declare any static, non-private, non-final, nested classes annotated with @Configuration.
18:12:57.245 [Test worker] DEBUG org.springframework.test.context.support.ActiveProfilesUtils - Could not find an 'annotation declaring class' for annotation type [org.springframework.test.context.ActiveProfiles] and class [Pomodoro.project.ProjectApplicationTests]
18:12:57.276 [Test worker] DEBUG org.springframework.context.annotation.ClassPathScanningCandidateComponentProvider - Identified candidate component class: file [/Users/seonghuiyeon/IdeaProjects/Pomodoro/build/classes/java/main/Pomodoro/project/ProjectApplication.class]
18:12:57.276 [Test worker] INFO org.springframework.boot.test.context.SpringBootTestContextBootstrapper - Found @SpringBootConfiguration Pomodoro.project.ProjectApplication for test class Pomodoro.project.ProjectApplicationTests
18:12:57.317 [Test worker] DEBUG org.springframework.boot.test.context.SpringBootTestContextBootstrapper - @TestExecutionListeners is not present for class [Pomodoro.project.ProjectApplicationTests]: using defaults.
18:12:57.317 [Test worker] INFO org.springframework.boot.test.context.SpringBootTestContextBootstrapper - Loaded default TestExecutionListener class names from location [META-INF/spring.factories]: [org.springframework.boot.test.autoconfigure.restdocs.RestDocsTestExecutionListener, org.springframework.boot.test.autoconfigure.web.client.MockRestServiceServerResetTestExecutionListener, org.springframework.boot.test.autoconfigure.web.servlet.MockMvcPrintOnlyOnFailureTestExecutionListener, org.springframework.boot.test.autoconfigure.web.servlet.WebDriverTestExecutionListener, org.springframework.boot.test.autoconfigure.webservices.client.MockWebServiceServerTestExecutionListener, org.springframework.boot.test.mock.mockito.MockitoTestExecutionListener, org.springframework.boot.test.mock.mockito.ResetMocksTestExecutionListener, org.springframework.test.context.web.ServletTestExecutionListener, org.springframework.test.context.support.DirtiesContextBeforeModesTestExecutionListener, org.springframework.test.context.event.ApplicationEventsTestExecutionListener, org.springframework.test.context.support.DependencyInjectionTestExecutionListener, org.springframework.test.context.support.DirtiesContextTestExecutionListener, org.springframework.test.context.transaction.TransactionalTestExecutionListener, org.springframework.test.context.jdbc.SqlScriptsTestExecutionListener, org.springframework.test.context.event.EventPublishingTestExecutionListener]
18:12:57.326 [Test worker] INFO org.springframework.boot.test.context.SpringBootTestContextBootstrapper - Using TestExecutionListeners: [org.springframework.test.context.web.ServletTestExecutionListener@60d1a32f, org.springframework.test.context.support.DirtiesContextBeforeModesTestExecutionListener@531c311e, org.springframework.test.context.event.ApplicationEventsTestExecutionListener@22b53226, org.springframework.boot.test.mock.mockito.MockitoTestExecutionListener@1fcb4808, org.springframework.boot.test.autoconfigure.SpringBootDependencyInjectionTestExecutionListener@726e5805, org.springframework.test.context.support.DirtiesContextTestExecutionListener@40c80397, org.springframework.test.context.transaction.TransactionalTestExecutionListener@4b672daa, org.springframework.test.context.jdbc.SqlScriptsTestExecutionListener@ea9b7c6, org.springframework.test.context.event.EventPublishingTestExecutionListener@e077866, org.springframework.boot.test.autoconfigure.restdocs.RestDocsTestExecutionListener@ed3068a, org.springframework.boot.test.autoconfigure.web.client.MockRestServiceServerResetTestExecutionListener@7c2b6087, org.springframework.boot.test.autoconfigure.web.servlet.MockMvcPrintOnlyOnFailureTestExecutionListener@3fffff43, org.springframework.boot.test.autoconfigure.web.servlet.WebDriverTestExecutionListener@a8e6492, org.springframework.boot.test.autoconfigure.webservices.client.MockWebServiceServerTestExecutionListener@1c7fd41f, org.springframework.boot.test.mock.mockito.ResetMocksTestExecutionListener@3b77a04f]
18:12:57.328 [Test worker] DEBUG org.springframework.test.context.support.AbstractDirtiesContextTestExecutionListener - Before test class: context [DefaultTestContext@58ebfd03 testClass = ProjectApplicationTests, testInstance = [null], testMethod = [null], testException = [null], mergedContextConfiguration = [WebMergedContextConfiguration@5b07730f testClass = ProjectApplicationTests, locations = '{}', classes = '{class Pomodoro.project.ProjectApplication}', contextInitializerClasses = '[]', activeProfiles = '{}', propertySourceLocations = '{}', propertySourceProperties = '{org.springframework.boot.test.context.SpringBootTestContextBootstrapper=true}', contextCustomizers = set[org.springframework.boot.test.autoconfigure.actuate.metrics.MetricsExportContextCustomizerFactory$DisableMetricExportContextCustomizer@4397ad89, org.springframework.boot.test.autoconfigure.properties.PropertyMappingContextCustomizer@0, org.springframework.boot.test.autoconfigure.web.servlet.WebDriverContextCustomizerFactory$Customizer@4241e0f4, org.springframework.boot.test.context.filter.ExcludeFilterContextCustomizer@38604b81, org.springframework.boot.test.json.DuplicateJsonObjectContextCustomizerFactory$DuplicateJsonObjectContextCustomizer@ae3540e, org.springframework.boot.test.mock.mockito.MockitoContextCustomizer@0, org.springframework.boot.test.web.client.TestRestTemplateContextCustomizer@4671115f, org.springframework.boot.test.context.SpringBootTestArgs@1, org.springframework.boot.test.context.SpringBootTestWebEnvironment@66d18979], resourceBasePath = 'src/main/webapp', contextLoader = 'org.springframework.boot.test.context.SpringBootContextLoader', parent = [null]], attributes = map['org.springframework.test.context.web.ServletTestExecutionListener.activateListener' -> true]], class annotated with @DirtiesContext [false] with mode [null].

  .   ____          _            __ _ _
 /\\ / ___'_ __ _ _(_)_ __  __ _ \ \ \ \
( ( )\___ | '_ | '_| | '_ \/ _` | \ \ \ \
 \\/  ___)| |_)| | | | | || (_| |  ) ) ) )
  '  |____| .__|_| |_|_| |_\__, | / / / /
 =========|_|==============|___/=/_/_/_/
 :: Spring Boot ::                (v2.7.5)

2023-03-15 18:12:57.499  INFO 12005 --- [    Test worker] P.project.ProjectApplicationTests        : Starting ProjectApplicationTests using Java 19 on HEY-2.local with PID 12005 (started by seonghuiyeon in /Users/seonghuiyeon/IdeaProjects/Pomodoro)
2023-03-15 18:12:57.500  INFO 12005 --- [    Test worker] P.project.ProjectApplicationTests        : No active profile set, falling back to 1 default profile: "default"
2023-03-15 18:12:57.817  INFO 12005 --- [    Test worker] .s.d.r.c.RepositoryConfigurationDelegate : Bootstrapping Spring Data JPA repositories in DEFAULT mode.
2023-03-15 18:12:57.823  INFO 12005 --- [    Test worker] .s.d.r.c.RepositoryConfigurationDelegate : Finished Spring Data repository scanning in 2 ms. Found 0 JPA repository interfaces.
2023-03-15 18:12:58.369  INFO 12005 --- [    Test worker] o.hibernate.jpa.internal.util.LogHelper  : HHH000204: Processing PersistenceUnitInfo [name: default]
2023-03-15 18:12:58.451  INFO 12005 --- [    Test worker] org.hibernate.Version                    : HHH000412: Hibernate ORM core version 5.6.12.Final
2023-03-15 18:12:58.652  INFO 12005 --- [    Test worker] o.hibernate.annotations.common.Version   : HCANN000001: Hibernate Commons Annotations {5.1.2.Final}
2023-03-15 18:12:58.780  INFO 12005 --- [    Test worker] com.zaxxer.hikari.HikariDataSource       : HikariPool-1 - Starting...
2023-03-15 18:12:58.996  INFO 12005 --- [    Test worker] com.zaxxer.hikari.HikariDataSource       : HikariPool-1 - Start completed.
2023-03-15 18:12:59.022  INFO 12005 --- [    Test worker] org.hibernate.dialect.Dialect            : HHH000400: Using dialect: org.hibernate.dialect.H2Dialect
2023-03-15 18:12:59.151  INFO 12005 --- [    Test worker] o.h.e.t.j.p.i.JtaPlatformInitiator       : HHH000490: Using JtaPlatform implementation: [org.hibernate.engine.transaction.jta.platform.internal.NoJtaPlatform]
2023-03-15 18:12:59.156  INFO 12005 --- [    Test worker] j.LocalContainerEntityManagerFactoryBean : Initialized JPA EntityManagerFactory for persistence unit 'default'
2023-03-15 18:12:59.366  WARN 12005 --- [    Test worker] JpaBaseConfiguration$JpaWebConfiguration : spring.jpa.open-in-view is enabled by default. Therefore, database queries may be performed during view rendering. Explicitly configure spring.jpa.open-in-view to disable this warning
2023-03-15 18:12:59.543  INFO 12005 --- [    Test worker] o.s.b.a.w.s.WelcomePageHandlerMapping    : Adding welcome page: class path resource [static/index.html]
2023-03-15 18:12:59.722  INFO 12005 --- [    Test worker] P.project.ProjectApplicationTests        : Started ProjectApplicationTests in 2.377 seconds (JVM running for 2.952)
]]></system-out>
  <system-err><![CDATA[]]></system-err>
</testsuite>
